Assembler report for de10lite_scr1
Sat Apr 09 10:41:55 2022
Quartus Prime Version 20.1.0 Build 711 06/05/2020 SJ Lite Edition


---------------------
; Table of Contents ;
---------------------
  1. Legal Notice
  2. Assembler Summary
  3. Assembler Settings
  4. Assembler Generated Files
  5. Assembler Device Options: C:/Users/freddy gabbay/OneDrive - Ruppin Academic Center/Documents/RiscV Project/Technion hackathon/scr1-sdk-master/fpga/de10lite/scr1/output/de10lite_scr1.sof
  6. Assembler Messages



----------------
; Legal Notice ;
----------------
Copyright (C) 2020  Intel Corporation. All rights reserved.
Your use of Intel Corporation's design tools, logic functions 
and other software and tools, and any partner logic 
functions, and any output files from any of the foregoing 
(including device programming or simulation files), and any 
associated documentation or information are expressly subject 
to the terms and conditions of the Intel Program License 
Subscription Agreement, the Intel Quartus Prime License Agreement,
the Intel FPGA IP License Agreement, or other applicable license
agreement, including, without limitation, that your use is for
the sole purpose of programming logic devices manufactured by
Intel and sold by Intel or its authorized distributors.  Please
refer to the applicable agreement for further details, at
https://fpgasoftware.intel.com/eula.



+---------------------------------------------------------------+
; Assembler Summary                                             ;
+-----------------------+---------------------------------------+
; Assembler Status      ; Successful - Sat Apr 09 10:41:55 2022 ;
; Revision Name         ; de10lite_scr1                         ;
; Top-level Entity Name ; de10lite_scr1                         ;
; Family                ; MAX 10                                ;
; Device                ; 10M50DAF484C7G                        ;
+-----------------------+---------------------------------------+


+----------------------------------+
; Assembler Settings               ;
+--------+---------+---------------+
; Option ; Setting ; Default Value ;
+--------+---------+---------------+


+-----------------------------------------------------------------------------------------------------------------------------------------------------------------+
; Assembler Generated Files                                                                                                                                       ;
+-----------------------------------------------------------------------------------------------------------------------------------------------------------------+
; File Name                                                                                                                                                       ;
+-----------------------------------------------------------------------------------------------------------------------------------------------------------------+
; C:/Users/freddy gabbay/OneDrive - Ruppin Academic Center/Documents/RiscV Project/Technion hackathon/scr1-sdk-master/fpga/de10lite/scr1/output/de10lite_scr1.sof ;
+-----------------------------------------------------------------------------------------------------------------------------------------------------------------+


+-------------------------------------------------------------------------------------------------------------------------------------------------------------------------------------------+
; Assembler Device Options: C:/Users/freddy gabbay/OneDrive - Ruppin Academic Center/Documents/RiscV Project/Technion hackathon/scr1-sdk-master/fpga/de10lite/scr1/output/de10lite_scr1.sof ;
+----------------+--------------------------------------------------------------------------------------------------------------------------------------------------------------------------+
; Option         ; Setting                                                                                                                                                                  ;
+----------------+--------------------------------------------------------------------------------------------------------------------------------------------------------------------------+
; JTAG usercode  ; 0x00AC6D9E                                                                                                                                                               ;
; Checksum       ; 0x00AC6D9E                                                                                                                                                               ;
+----------------+--------------------------------------------------------------------------------------------------------------------------------------------------------------------------+


+--------------------+
; Assembler Messages ;
+--------------------+
Info: *******************************************************************
Info: Running Quartus Prime Assembler
    Info: Version 20.1.0 Build 711 06/05/2020 SJ Lite Edition
    Info: Processing started: Sat Apr 09 10:41:51 2022
Info: Command: quartus_asm --read_settings_files=off --write_settings_files=off de10lite_scr1 -c de10lite_scr1
Info (115031): Writing out detailed assembly data for power analysis
Info (115030): Assembler is generating device programming files
Info: Quartus Prime Assembler was successful. 0 errors, 0 warnings
    Info: Peak virtual memory: 4737 megabytes
    Info: Processing ended: Sat Apr 09 10:41:55 2022
    Info: Elapsed time: 00:00:04
    Info: Total CPU time (on all processors): 00:00:04


